This file contains any messages produced by compilers while
running configure, to aid debugging if configure makes a mistake.

It was created by DOMjudge configure 3.4.0, which was
generated by GNU Autoconf 2.69.  Invocation command line was

  $ ./configure --prefix=/home/invitado/public_html/domjudge

## --------- ##
## Platform. ##
## --------- ##

hostname = invitado-VirtualBox
uname -m = i686
uname -r = 3.2.0-56-generic-pae
uname -s = Linux
uname -v = #86-Ubuntu SMP Wed Oct 23 17:51:27 UTC 2013

/usr/bin/uname -p = unknown
/bin/uname -X     = unknown

/bin/arch              = unknown
/usr/bin/arch -k       = unknown
/usr/convex/getsysinfo = unknown
/usr/bin/hostinfo      = unknown
/bin/machine           = unknown
/usr/bin/oslevel       = unknown
/bin/universe          = unknown

PATH: /usr/lib/lightdm/lightdm
PATH: /usr/local/sbin
PATH: /usr/local/bin
PATH: /usr/sbin
PATH: /usr/bin
PATH: /sbin
PATH: /bin
PATH: /usr/games


## ----------- ##
## Core tests. ##
## ----------- ##

configure:2597: checking whether configure should try to set CFLAGS
configure:2601: result: yes
configure:2597: checking whether configure should try to set CXXFLAGS
configure:2601: result: yes
configure:2597: checking whether configure should try to set LDFLAGS
configure:2601: result: yes
configure:2656: checking for gcc
configure:2672: found /usr/bin/gcc
configure:2683: result: gcc
configure:2912: checking for C compiler version
configure:2921: gcc --version >&5
gcc (Ubuntu/Linaro 4.6.3-1ubuntu5) 4.6.3
Copyright (C) 2011 Free Software Foundation, Inc.
This is free software; see the source for copying conditions.  There is NO
warranty; not even for MERCHANTABILITY or FITNESS FOR A PARTICULAR PURPOSE.

configure:2932: $? = 0
configure:2921: gcc -v >&5
Using built-in specs.
COLLECT_GCC=gcc
COLLECT_LTO_WRAPPER=/usr/lib/gcc/i686-linux-gnu/4.6/lto-wrapper
Target: i686-linux-gnu
Configured with: ../src/configure -v --with-pkgversion='Ubuntu/Linaro 4.6.3-1ubuntu5' --with-bugurl=file:///usr/share/doc/gcc-4.6/README.Bugs --enable-languages=c,c++,fortran,objc,obj-c++ --prefix=/usr --program-suffix=-4.6 --enable-shared --enable-linker-build-id --with-system-zlib --libexecdir=/usr/lib --without-included-gettext --enable-threads=posix --with-gxx-include-dir=/usr/include/c++/4.6 --libdir=/usr/lib --enable-nls --with-sysroot=/ --enable-clocale=gnu --enable-libstdcxx-debug --enable-libstdcxx-time=yes --enable-gnu-unique-object --enable-plugin --enable-objc-gc --enable-targets=all --disable-werror --with-arch-32=i686 --with-tune=generic --enable-checking=release --build=i686-linux-gnu --host=i686-linux-gnu --target=i686-linux-gnu
Thread model: posix
gcc version 4.6.3 (Ubuntu/Linaro 4.6.3-1ubuntu5) 
configure:2932: $? = 0
configure:2921: gcc -V >&5
gcc: error: unrecognized option '-V'
gcc: fatal error: no input files
compilation terminated.
configure:2932: $? = 4
configure:2921: gcc -qversion >&5
gcc: error: unrecognized option '-qversion'
gcc: fatal error: no input files
compilation terminated.
configure:2932: $? = 4
configure:2952: checking whether the C compiler works
configure:2974: gcc    conftest.c  >&5
configure:2978: $? = 0
configure:3026: result: yes
configure:3029: checking for C compiler default output file name
configure:3031: result: a.out
configure:3037: checking for suffix of executables
configure:3044: gcc -o conftest    conftest.c  >&5
configure:3048: $? = 0
configure:3070: result: 
configure:3092: checking whether we are cross compiling
configure:3100: gcc -o conftest    conftest.c  >&5
configure:3104: $? = 0
configure:3111: ./conftest
configure:3115: $? = 0
configure:3130: result: no
configure:3135: checking for suffix of object files
configure:3157: gcc -c   conftest.c >&5
configure:3161: $? = 0
configure:3182: result: o
configure:3186: checking whether we are using the GNU C compiler
configure:3205: gcc -c   conftest.c >&5
configure:3205: $? = 0
configure:3214: result: yes
configure:3223: checking whether gcc accepts -g
configure:3243: gcc -c -g  conftest.c >&5
configure:3243: $? = 0
configure:3284: result: yes
configure:3301: checking for gcc option to accept ISO C89
configure:3364: gcc  -c -g -O2  conftest.c >&5
configure:3364: $? = 0
configure:3377: result: none needed
configure:3398: checking whether C compiler accepts 
configure:3417: gcc -c -g -O2    conftest.c >&5
configure:3417: $? = 0
configure:3425: result: yes
configure:3443: : CFLAGS="$CFLAGS "
configure:3446: $? = 0
configure:3459: checking whether C compiler accepts -Wall
configure:3478: gcc -c -g -O2   -Wall  conftest.c >&5
configure:3478: $? = 0
configure:3487: result: yes
configure:3500: : DEF_CXFLAGS="$DEF_CXFLAGS $flag"
configure:3503: $? = 0
configure:3522: checking whether C compiler accepts -fstack-protector
configure:3541: gcc -c -g -O2   -fstack-protector  conftest.c >&5
configure:3541: $? = 0
configure:3550: result: yes
configure:3563: : DEF_CXFLAGS="$DEF_CXFLAGS $flag"
configure:3566: $? = 0
configure:3585: checking whether C compiler accepts -fPIE
configure:3604: gcc -c -g -O2   -fPIE  conftest.c >&5
configure:3604: $? = 0
configure:3613: result: yes
configure:3626: : DEF_CXFLAGS="$DEF_CXFLAGS $flag"
configure:3629: $? = 0
configure:3648: checking whether C compiler accepts -D_FORTIFY_SOURCE=2
configure:3667: gcc -c -g -O2   -D_FORTIFY_SOURCE=2  conftest.c >&5
configure:3667: $? = 0
configure:3676: result: yes
configure:3689: : DEF_CXFLAGS="$DEF_CXFLAGS $flag"
configure:3692: $? = 0
configure:3707: checking whether the linker accepts 
configure:3726: gcc -o conftest -g -O2      conftest.c  >&5
configure:3726: $? = 0
configure:3735: result: yes
configure:3747: checking whether the linker accepts -fPIE
configure:3766: gcc -o conftest -g -O2     -fPIE conftest.c  >&5
configure:3766: $? = 0
configure:3776: result: yes
configure:3789: : DEF_LDFLAGS="$DEF_LDFLAGS $flag"
configure:3792: $? = 0
configure:3747: checking whether the linker accepts -pie
configure:3766: gcc -o conftest -g -O2     -pie conftest.c  >&5
configure:3766: $? = 0
configure:3776: result: yes
configure:3789: : DEF_LDFLAGS="$DEF_LDFLAGS $flag"
configure:3792: $? = 0
configure:3811: checking whether the linker accepts -Wl,-z,relro
configure:3830: gcc -o conftest -g -O2     -Wl,-z,relro conftest.c  >&5
configure:3830: $? = 0
configure:3840: result: yes
configure:3853: : DEF_LDFLAGS="$DEF_LDFLAGS $flag"
configure:3856: $? = 0
configure:3875: checking whether the linker accepts -Wl,-z,now
configure:3894: gcc -o conftest -g -O2     -Wl,-z,now conftest.c  >&5
configure:3894: $? = 0
configure:3904: result: yes
configure:3917: : DEF_LDFLAGS="$DEF_LDFLAGS $flag"
configure:3920: $? = 0
configure:3963: checking submitclient
configure:3969: result: enabled (http)
configure:4007: checking domjudge-user
configure:4019: result: invitado (default: current user)
configure:4028: checking webserver-group
configure:4040: result: www-data (default)
configure:4052: checking runuser
configure:4064: result: domjudge-run (default)
configure:4074: checking for cgroup_init in -lcgroup
configure:4099: gcc -o conftest -g -O2 -Wall -fstack-protector -fPIE -D_FORTIFY_SOURCE=2   -fPIE -pie -Wl,-z,relro -Wl,-z,now conftest.c -lcgroup   >&5
/usr/bin/ld: cannot find -lcgroup
collect2: ld returned 1 exit status
configure:4099: $? = 1
configure: failed program was:
| /* confdefs.h */
| #define PACKAGE_NAME "DOMjudge"
| #define PACKAGE_TARNAME "domjudge"
| #define PACKAGE_VERSION "3.4.0"
| #define PACKAGE_STRING "DOMjudge 3.4.0"
| #define PACKAGE_BUGREPORT "domjudge-devel@lists.A-Eskwadraat.nl"
| #define PACKAGE_URL ""
| #define DOMJUDGE_VERSION "3.4.0"
| /* end confdefs.h.  */
| 
| /* Override any GCC internal prototype to avoid an error.
|    Use char because int might match the return type of a GCC
|    builtin and then its argument prototype would still apply.  */
| #ifdef __cplusplus
| extern "C"
| #endif
| char cgroup_init ();
| int
| main ()
| {
| return cgroup_init ();
|   ;
|   return 0;
| }
configure:4108: result: no
configure:4634: checking for g++
configure:4650: found /usr/bin/g++
configure:4661: result: g++
configure:4688: checking for C++ compiler version
configure:4697: g++ --version >&5
g++ (Ubuntu/Linaro 4.6.3-1ubuntu5) 4.6.3
Copyright (C) 2011 Free Software Foundation, Inc.
This is free software; see the source for copying conditions.  There is NO
warranty; not even for MERCHANTABILITY or FITNESS FOR A PARTICULAR PURPOSE.

configure:4708: $? = 0
configure:4697: g++ -v >&5
Using built-in specs.
COLLECT_GCC=g++
COLLECT_LTO_WRAPPER=/usr/lib/gcc/i686-linux-gnu/4.6/lto-wrapper
Target: i686-linux-gnu
Configured with: ../src/configure -v --with-pkgversion='Ubuntu/Linaro 4.6.3-1ubuntu5' --with-bugurl=file:///usr/share/doc/gcc-4.6/README.Bugs --enable-languages=c,c++,fortran,objc,obj-c++ --prefix=/usr --program-suffix=-4.6 --enable-shared --enable-linker-build-id --with-system-zlib --libexecdir=/usr/lib --without-included-gettext --enable-threads=posix --with-gxx-include-dir=/usr/include/c++/4.6 --libdir=/usr/lib --enable-nls --with-sysroot=/ --enable-clocale=gnu --enable-libstdcxx-debug --enable-libstdcxx-time=yes --enable-gnu-unique-object --enable-plugin --enable-objc-gc --enable-targets=all --disable-werror --with-arch-32=i686 --with-tune=generic --enable-checking=release --build=i686-linux-gnu --host=i686-linux-gnu --target=i686-linux-gnu
Thread model: posix
gcc version 4.6.3 (Ubuntu/Linaro 4.6.3-1ubuntu5) 
configure:4708: $? = 0
configure:4697: g++ -V >&5
g++: error: unrecognized option '-V'
g++: fatal error: no input files
compilation terminated.
configure:4708: $? = 4
configure:4697: g++ -qversion >&5
g++: error: unrecognized option '-qversion'
g++: fatal error: no input files
compilation terminated.
configure:4708: $? = 4
configure:4712: checking whether we are using the GNU C++ compiler
configure:4731: g++ -c -g -O2 -Wall -fstack-protector -fPIE -D_FORTIFY_SOURCE=2  conftest.cpp >&5
configure:4731: $? = 0
configure:4740: result: yes
configure:4749: checking whether g++ accepts -g
configure:4769: g++ -c -g  conftest.cpp >&5
configure:4769: $? = 0
configure:4810: result: yes
configure:4881: checking for gcc
configure:4908: result: gcc
configure:5137: checking for C compiler version
configure:5146: gcc --version >&5
gcc (Ubuntu/Linaro 4.6.3-1ubuntu5) 4.6.3
Copyright (C) 2011 Free Software Foundation, Inc.
This is free software; see the source for copying conditions.  There is NO
warranty; not even for MERCHANTABILITY or FITNESS FOR A PARTICULAR PURPOSE.

configure:5157: $? = 0
configure:5146: gcc -v >&5
Using built-in specs.
COLLECT_GCC=gcc
COLLECT_LTO_WRAPPER=/usr/lib/gcc/i686-linux-gnu/4.6/lto-wrapper
Target: i686-linux-gnu
Configured with: ../src/configure -v --with-pkgversion='Ubuntu/Linaro 4.6.3-1ubuntu5' --with-bugurl=file:///usr/share/doc/gcc-4.6/README.Bugs --enable-languages=c,c++,fortran,objc,obj-c++ --prefix=/usr --program-suffix=-4.6 --enable-shared --enable-linker-build-id --with-system-zlib --libexecdir=/usr/lib --without-included-gettext --enable-threads=posix --with-gxx-include-dir=/usr/include/c++/4.6 --libdir=/usr/lib --enable-nls --with-sysroot=/ --enable-clocale=gnu --enable-libstdcxx-debug --enable-libstdcxx-time=yes --enable-gnu-unique-object --enable-plugin --enable-objc-gc --enable-targets=all --disable-werror --with-arch-32=i686 --with-tune=generic --enable-checking=release --build=i686-linux-gnu --host=i686-linux-gnu --target=i686-linux-gnu
Thread model: posix
gcc version 4.6.3 (Ubuntu/Linaro 4.6.3-1ubuntu5) 
configure:5157: $? = 0
configure:5146: gcc -V >&5
gcc: error: unrecognized option '-V'
gcc: fatal error: no input files
compilation terminated.
configure:5157: $? = 4
configure:5146: gcc -qversion >&5
gcc: error: unrecognized option '-qversion'
gcc: fatal error: no input files
compilation terminated.
configure:5157: $? = 4
configure:5161: checking whether we are using the GNU C compiler
configure:5189: result: yes
configure:5198: checking whether gcc accepts -g
configure:5259: result: yes
configure:5276: checking for gcc option to accept ISO C89
configure:5352: result: none needed
configure:5377: checking how to run the C preprocessor
configure:5408: gcc -E  conftest.c
configure:5408: $? = 0
configure:5422: gcc -E  conftest.c
conftest.c:10:28: fatal error: ac_nonexistent.h: No such file or directory
compilation terminated.
configure:5422: $? = 1
configure: failed program was:
| /* confdefs.h */
| #define PACKAGE_NAME "DOMjudge"
| #define PACKAGE_TARNAME "domjudge"
| #define PACKAGE_VERSION "3.4.0"
| #define PACKAGE_STRING "DOMjudge 3.4.0"
| #define PACKAGE_BUGREPORT "domjudge-devel@lists.A-Eskwadraat.nl"
| #define PACKAGE_URL ""
| #define DOMJUDGE_VERSION "3.4.0"
| /* end confdefs.h.  */
| #include <ac_nonexistent.h>
configure:5447: result: gcc -E
configure:5467: gcc -E  conftest.c
configure:5467: $? = 0
configure:5481: gcc -E  conftest.c
conftest.c:10:28: fatal error: ac_nonexistent.h: No such file or directory
compilation terminated.
configure:5481: $? = 1
configure: failed program was:
| /* confdefs.h */
| #define PACKAGE_NAME "DOMjudge"
| #define PACKAGE_TARNAME "domjudge"
| #define PACKAGE_VERSION "3.4.0"
| #define PACKAGE_STRING "DOMjudge 3.4.0"
| #define PACKAGE_BUGREPORT "domjudge-devel@lists.A-Eskwadraat.nl"
| #define PACKAGE_URL ""
| #define DOMJUDGE_VERSION "3.4.0"
| /* end confdefs.h.  */
| #include <ac_nonexistent.h>
configure:5552: checking for a BSD-compatible install
configure:5620: result: /usr/bin/install -c
configure:5631: checking whether ln -s works
configure:5638: result: no, using cp -pR
configure:5642: checking whether make sets $(MAKE)
configure:5664: result: yes
configure:5673: checking for a thread-safe mkdir -p
configure:5712: result: /bin/mkdir -p
configure:5721: checking for htpasswd
configure:5737: found /usr/bin/htpasswd
configure:5748: result: htpasswd
configure:5762: checking for magic_open in -lmagic
configure:5787: gcc -o conftest -g -O2 -Wall -fstack-protector -fPIE -D_FORTIFY_SOURCE=2   -fPIE -pie -Wl,-z,relro -Wl,-z,now conftest.c -lmagic   >&5
/usr/bin/ld: cannot find -lmagic
collect2: ld returned 1 exit status
configure:5787: $? = 1
configure: failed program was:
| /* confdefs.h */
| #define PACKAGE_NAME "DOMjudge"
| #define PACKAGE_TARNAME "domjudge"
| #define PACKAGE_VERSION "3.4.0"
| #define PACKAGE_STRING "DOMjudge 3.4.0"
| #define PACKAGE_BUGREPORT "domjudge-devel@lists.A-Eskwadraat.nl"
| #define PACKAGE_URL ""
| #define DOMJUDGE_VERSION "3.4.0"
| /* end confdefs.h.  */
| 
| /* Override any GCC internal prototype to avoid an error.
|    Use char because int might match the return type of a GCC
|    builtin and then its argument prototype would still apply.  */
| #ifdef __cplusplus
| extern "C"
| #endif
| char magic_open ();
| int
| main ()
| {
| return magic_open ();
|   ;
|   return 0;
| }
configure:5796: result: no
configure:5806: checking for a sed that does not truncate output
configure:5870: result: /bin/sed
configure:5879: checking for gawk
configure:5909: result: no
configure:5879: checking for mawk
configure:5895: found /usr/bin/mawk
configure:5906: result: mawk
configure:5977: checking for curl-config
configure:5995: found /usr/bin/curl-config
configure:6007: result: /usr/bin/curl-config
configure:6060: checking for curl (7.22.0) >= 7.9.7
configure:6095: result: yes
configure:6134: checking for grep that handles long lines and -e
configure:6192: result: /bin/grep
configure:6197: checking for egrep
configure:6259: result: /bin/grep -E
configure:6264: checking for ANSI C header files
configure:6284: gcc -c -g -O2 -Wall -fstack-protector -fPIE -D_FORTIFY_SOURCE=2   conftest.c >&5
configure:6284: $? = 0
configure:6357: gcc -o conftest -g -O2 -Wall -fstack-protector -fPIE -D_FORTIFY_SOURCE=2    -fPIE -pie -Wl,-z,relro -Wl,-z,now conftest.c  >&5
configure:6357: $? = 0
configure:6357: ./conftest
configure:6357: $? = 0
configure:6368: result: yes
configure:6381: checking for sys/types.h
configure:6381: gcc -c -g -O2 -Wall -fstack-protector -fPIE -D_FORTIFY_SOURCE=2   conftest.c >&5
configure:6381: $? = 0
configure:6381: result: yes
configure:6381: checking for sys/stat.h
configure:6381: gcc -c -g -O2 -Wall -fstack-protector -fPIE -D_FORTIFY_SOURCE=2   conftest.c >&5
configure:6381: $? = 0
configure:6381: result: yes
configure:6381: checking for stdlib.h
configure:6381: gcc -c -g -O2 -Wall -fstack-protector -fPIE -D_FORTIFY_SOURCE=2   conftest.c >&5
configure:6381: $? = 0
configure:6381: result: yes
configure:6381: checking for string.h
configure:6381: gcc -c -g -O2 -Wall -fstack-protector -fPIE -D_FORTIFY_SOURCE=2   conftest.c >&5
configure:6381: $? = 0
configure:6381: result: yes
configure:6381: checking for memory.h
configure:6381: gcc -c -g -O2 -Wall -fstack-protector -fPIE -D_FORTIFY_SOURCE=2   conftest.c >&5
configure:6381: $? = 0
configure:6381: result: yes
configure:6381: checking for strings.h
configure:6381: gcc -c -g -O2 -Wall -fstack-protector -fPIE -D_FORTIFY_SOURCE=2   conftest.c >&5
configure:6381: $? = 0
configure:6381: result: yes
configure:6381: checking for inttypes.h
configure:6381: gcc -c -g -O2 -Wall -fstack-protector -fPIE -D_FORTIFY_SOURCE=2   conftest.c >&5
configure:6381: $? = 0
configure:6381: result: yes
configure:6381: checking for stdint.h
configure:6381: gcc -c -g -O2 -Wall -fstack-protector -fPIE -D_FORTIFY_SOURCE=2   conftest.c >&5
configure:6381: $? = 0
configure:6381: result: yes
configure:6381: checking for unistd.h
configure:6381: gcc -c -g -O2 -Wall -fstack-protector -fPIE -D_FORTIFY_SOURCE=2   conftest.c >&5
configure:6381: $? = 0
configure:6381: result: yes
configure:6395: checking curl/curl.h usability
configure:6395: gcc -c -g -O2 -Wall -fstack-protector -fPIE -D_FORTIFY_SOURCE=2   conftest.c >&5
configure:6395: $? = 0
configure:6395: result: yes
configure:6395: checking curl/curl.h presence
configure:6395: gcc -E   conftest.c
configure:6395: $? = 0
configure:6395: result: yes
configure:6395: checking for curl/curl.h
configure:6395: result: yes
configure:6515: checking for boostlib >= 1.33.1
configure:6584: g++ -c -g -O2 -Wall -fstack-protector -fPIE -D_FORTIFY_SOURCE=2  -I/usr/include conftest.cpp >&5
configure:6584: $? = 0
configure:6586: result: yes
configure:6763: checking whether the Boost::Regex library is available
configure:6786: g++ -c -g -O2 -Wall -fstack-protector -fPIE -D_FORTIFY_SOURCE=2  -I/usr/include conftest.cpp >&5
configure:6786: $? = 0
configure:6800: result: yes
configure:6811: checking for exit in -lboost_regex-mt
configure:6836: gcc -o conftest -g -O2 -Wall -fstack-protector -fPIE -D_FORTIFY_SOURCE=2  -I/usr/include  -fPIE -pie -Wl,-z,relro -Wl,-z,now -L/usr/lib conftest.c -lboost_regex-mt   >&5
conftest.c:30:6: warning: conflicting types for built-in function 'exit' [enabled by default]
configure:6836: $? = 0
configure:6846: result: yes
configure:6972: checking how to run the C++ preprocessor
configure:6999: g++ -E  conftest.cpp
configure:6999: $? = 0
configure:7013: g++ -E  conftest.cpp
conftest.cpp:23:28: fatal error: ac_nonexistent.h: No such file or directory
compilation terminated.
configure:7013: $? = 1
configure: failed program was:
| /* confdefs.h */
| #define PACKAGE_NAME "DOMjudge"
| #define PACKAGE_TARNAME "domjudge"
| #define PACKAGE_VERSION "3.4.0"
| #define PACKAGE_STRING "DOMjudge 3.4.0"
| #define PACKAGE_BUGREPORT "domjudge-devel@lists.A-Eskwadraat.nl"
| #define PACKAGE_URL ""
| #define DOMJUDGE_VERSION "3.4.0"
| #define STDC_HEADERS 1
| #define HAVE_SYS_TYPES_H 1
| #define HAVE_SYS_STAT_H 1
| #define HAVE_STDLIB_H 1
| #define HAVE_STRING_H 1
| #define HAVE_MEMORY_H 1
| #define HAVE_STRINGS_H 1
| #define HAVE_INTTYPES_H 1
| #define HAVE_STDINT_H 1
| #define HAVE_UNISTD_H 1
| #define HAVE_CURL_CURL_H 1
| #define HAVE_BOOST /**/
| #define HAVE_BOOST_REGEX /**/
| /* end confdefs.h.  */
| #include <ac_nonexistent.h>
configure:7038: result: g++ -E
configure:7058: g++ -E  conftest.cpp
configure:7058: $? = 0
configure:7072: g++ -E  conftest.cpp
conftest.cpp:23:28: fatal error: ac_nonexistent.h: No such file or directory
compilation terminated.
configure:7072: $? = 1
configure: failed program was:
| /* confdefs.h */
| #define PACKAGE_NAME "DOMjudge"
| #define PACKAGE_TARNAME "domjudge"
| #define PACKAGE_VERSION "3.4.0"
| #define PACKAGE_STRING "DOMjudge 3.4.0"
| #define PACKAGE_BUGREPORT "domjudge-devel@lists.A-Eskwadraat.nl"
| #define PACKAGE_URL ""
| #define DOMJUDGE_VERSION "3.4.0"
| #define STDC_HEADERS 1
| #define HAVE_SYS_TYPES_H 1
| #define HAVE_SYS_STAT_H 1
| #define HAVE_STDLIB_H 1
| #define HAVE_STRING_H 1
| #define HAVE_MEMORY_H 1
| #define HAVE_STRINGS_H 1
| #define HAVE_INTTYPES_H 1
| #define HAVE_STDINT_H 1
| #define HAVE_UNISTD_H 1
| #define HAVE_CURL_CURL_H 1
| #define HAVE_BOOST /**/
| #define HAVE_BOOST_REGEX /**/
| /* end confdefs.h.  */
| #include <ac_nonexistent.h>
configure:7103: checking gmpxx.h usability
configure:7103: g++ -c -g -O2 -Wall -fstack-protector -fPIE -D_FORTIFY_SOURCE=2  conftest.cpp >&5
configure:7103: $? = 0
configure:7103: result: yes
configure:7103: checking gmpxx.h presence
configure:7103: g++ -E  conftest.cpp
configure:7103: $? = 0
configure:7103: result: yes
configure:7103: checking for gmpxx.h
configure:7103: result: yes
configure:7113: checking for abs in -lgmpxx
configure:7138: g++ -o conftest -g -O2 -Wall -fstack-protector -fPIE -D_FORTIFY_SOURCE=2   -fPIE -pie -Wl,-z,relro -Wl,-z,now conftest.cpp -lgmpxx -lgmp  >&5
configure:7138: $? = 0
configure:7147: result: yes
configure:7179: checking for stdbool.h that conforms to C99
configure:7246: gcc -c -g -O2 -Wall -fstack-protector -fPIE -D_FORTIFY_SOURCE=2  conftest.c >&5
conftest.c: In function 'main':
conftest.c:75:14: warning: the address of 's' will always evaluate as 'true' [-Waddress]
conftest.c:79:22: warning: the address of 'a' will always evaluate as 'true' [-Waddress]
conftest.c:79:27: warning: the address of 'b' will always evaluate as 'true' [-Waddress]
conftest.c:79:32: warning: the address of 'c' will always evaluate as 'true' [-Waddress]
conftest.c:79:37: warning: the address of 'd' will always evaluate as 'true' [-Waddress]
conftest.c:79:47: warning: the address of 'f' will always evaluate as 'true' [-Waddress]
conftest.c:79:52: warning: the address of 'g' will always evaluate as 'true' [-Waddress]
conftest.c:79:57: warning: the address of 'h' will always evaluate as 'true' [-Waddress]
conftest.c:79:62: warning: the address of 'i' will always evaluate as 'true' [-Waddress]
conftest.c:80:29: warning: the address of 'n' will always evaluate as 'true' [-Waddress]
conftest.c:80:34: warning: the address of 'o' will always evaluate as 'true' [-Waddress]
conftest.c:80:39: warning: the address of 'p' will always evaluate as 'true' [-Waddress]
configure:7246: $? = 0
configure:7253: result: yes
configure:7255: checking for _Bool
configure:7255: gcc -c -g -O2 -Wall -fstack-protector -fPIE -D_FORTIFY_SOURCE=2  conftest.c >&5
configure:7255: $? = 0
configure:7255: gcc -c -g -O2 -Wall -fstack-protector -fPIE -D_FORTIFY_SOURCE=2  conftest.c >&5
conftest.c: In function 'main':
conftest.c:62:20: error: expected expression before ')' token
configure:7255: $? = 1
configure: failed program was:
| /* confdefs.h */
| #define PACKAGE_NAME "DOMjudge"
| #define PACKAGE_TARNAME "domjudge"
| #define PACKAGE_VERSION "3.4.0"
| #define PACKAGE_STRING "DOMjudge 3.4.0"
| #define PACKAGE_BUGREPORT "domjudge-devel@lists.A-Eskwadraat.nl"
| #define PACKAGE_URL ""
| #define DOMJUDGE_VERSION "3.4.0"
| #define STDC_HEADERS 1
| #define HAVE_SYS_TYPES_H 1
| #define HAVE_SYS_STAT_H 1
| #define HAVE_STDLIB_H 1
| #define HAVE_STRING_H 1
| #define HAVE_MEMORY_H 1
| #define HAVE_STRINGS_H 1
| #define HAVE_INTTYPES_H 1
| #define HAVE_STDINT_H 1
| #define HAVE_UNISTD_H 1
| #define HAVE_CURL_CURL_H 1
| #define HAVE_BOOST /**/
| #define HAVE_BOOST_REGEX /**/
| #define HAVE_GMPXX_H 1
| #define _POSIX_C_SOURCE 200809L
| #define _XOPEN_SOURCE 500
| /* end confdefs.h.  */
| #include <stdio.h>
| #ifdef HAVE_SYS_TYPES_H
| # include <sys/types.h>
| #endif
| #ifdef HAVE_SYS_STAT_H
| # include <sys/stat.h>
| #endif
| #ifdef STDC_HEADERS
| # include <stdlib.h>
| # include <stddef.h>
| #else
| # ifdef HAVE_STDLIB_H
| #  include <stdlib.h>
| # endif
| #endif
| #ifdef HAVE_STRING_H
| # if !defined STDC_HEADERS && defined HAVE_MEMORY_H
| #  include <memory.h>
| # endif
| # include <string.h>
| #endif
| #ifdef HAVE_STRINGS_H
| # include <strings.h>
| #endif
| #ifdef HAVE_INTTYPES_H
| # include <inttypes.h>
| #endif
| #ifdef HAVE_STDINT_H
| # include <stdint.h>
| #endif
| #ifdef HAVE_UNISTD_H
| # include <unistd.h>
| #endif
| int
| main ()
| {
| if (sizeof ((_Bool)))
| 	    return 0;
|   ;
|   return 0;
| }
configure:7255: result: yes
configure:7275: checking fcntl.h usability
configure:7275: gcc -c -g -O2 -Wall -fstack-protector -fPIE -D_FORTIFY_SOURCE=2  conftest.c >&5
configure:7275: $? = 0
configure:7275: result: yes
configure:7275: checking fcntl.h presence
configure:7275: gcc -E  conftest.c
configure:7275: $? = 0
configure:7275: result: yes
configure:7275: checking for fcntl.h
configure:7275: result: yes
configure:7275: checking netdb.h usability
configure:7275: gcc -c -g -O2 -Wall -fstack-protector -fPIE -D_FORTIFY_SOURCE=2  conftest.c >&5
configure:7275: $? = 0
configure:7275: result: yes
configure:7275: checking netdb.h presence
configure:7275: gcc -E  conftest.c
configure:7275: $? = 0
configure:7275: result: yes
configure:7275: checking for netdb.h
configure:7275: result: yes
configure:7275: checking netinet/in.h usability
configure:7275: gcc -c -g -O2 -Wall -fstack-protector -fPIE -D_FORTIFY_SOURCE=2  conftest.c >&5
configure:7275: $? = 0
configure:7275: result: yes
configure:7275: checking netinet/in.h presence
configure:7275: gcc -E  conftest.c
configure:7275: $? = 0
configure:7275: result: yes
configure:7275: checking for netinet/in.h
configure:7275: result: yes
configure:7275: checking for stdlib.h
configure:7275: result: yes
configure:7275: checking for string.h
configure:7275: result: yes
configure:7275: checking sys/ioctl.h usability
configure:7275: gcc -c -g -O2 -Wall -fstack-protector -fPIE -D_FORTIFY_SOURCE=2  conftest.c >&5
configure:7275: $? = 0
configure:7275: result: yes
configure:7275: checking sys/ioctl.h presence
configure:7275: gcc -E  conftest.c
configure:7275: $? = 0
configure:7275: result: yes
configure:7275: checking for sys/ioctl.h
configure:7275: result: yes
configure:7275: checking sys/param.h usability
configure:7275: gcc -c -g -O2 -Wall -fstack-protector -fPIE -D_FORTIFY_SOURCE=2  conftest.c >&5
configure:7275: $? = 0
configure:7275: result: yes
configure:7275: checking sys/param.h presence
configure:7275: gcc -E  conftest.c
configure:7275: $? = 0
configure:7275: result: yes
configure:7275: checking for sys/param.h
configure:7275: result: yes
configure:7275: checking sys/socket.h usability
configure:7275: gcc -c -g -O2 -Wall -fstack-protector -fPIE -D_FORTIFY_SOURCE=2  conftest.c >&5
configure:7275: $? = 0
configure:7275: result: yes
configure:7275: checking sys/socket.h presence
configure:7275: gcc -E  conftest.c
configure:7275: $? = 0
configure:7275: result: yes
configure:7275: checking for sys/socket.h
configure:7275: result: yes
configure:7275: checking sys/time.h usability
configure:7275: gcc -c -g -O2 -Wall -fstack-protector -fPIE -D_FORTIFY_SOURCE=2  conftest.c >&5
configure:7275: $? = 0
configure:7275: result: yes
configure:7275: checking sys/time.h presence
configure:7275: gcc -E  conftest.c
configure:7275: $? = 0
configure:7275: result: yes
configure:7275: checking for sys/time.h
configure:7275: result: yes
configure:7275: checking syslog.h usability
configure:7275: gcc -c -g -O2 -Wall -fstack-protector -fPIE -D_FORTIFY_SOURCE=2  conftest.c >&5
configure:7275: $? = 0
configure:7275: result: yes
configure:7275: checking syslog.h presence
configure:7275: gcc -E  conftest.c
configure:7275: $? = 0
configure:7275: result: yes
configure:7275: checking for syslog.h
configure:7275: result: yes
configure:7275: checking termios.h usability
configure:7275: gcc -c -g -O2 -Wall -fstack-protector -fPIE -D_FORTIFY_SOURCE=2  conftest.c >&5
configure:7275: $? = 0
configure:7275: result: yes
configure:7275: checking termios.h presence
configure:7275: gcc -E  conftest.c
configure:7275: $? = 0
configure:7275: result: yes
configure:7275: checking for termios.h
configure:7275: result: yes
configure:7275: checking for unistd.h
configure:7275: result: yes
configure:7275: checking magic.h usability
configure:7275: gcc -c -g -O2 -Wall -fstack-protector -fPIE -D_FORTIFY_SOURCE=2  conftest.c >&5
conftest.c:73:19: fatal error: magic.h: No such file or directory
compilation terminated.
configure:7275: $? = 1
configure: failed program was:
| /* confdefs.h */
| #define PACKAGE_NAME "DOMjudge"
| #define PACKAGE_TARNAME "domjudge"
| #define PACKAGE_VERSION "3.4.0"
| #define PACKAGE_STRING "DOMjudge 3.4.0"
| #define PACKAGE_BUGREPORT "domjudge-devel@lists.A-Eskwadraat.nl"
| #define PACKAGE_URL ""
| #define DOMJUDGE_VERSION "3.4.0"
| #define STDC_HEADERS 1
| #define HAVE_SYS_TYPES_H 1
| #define HAVE_SYS_STAT_H 1
| #define HAVE_STDLIB_H 1
| #define HAVE_STRING_H 1
| #define HAVE_MEMORY_H 1
| #define HAVE_STRINGS_H 1
| #define HAVE_INTTYPES_H 1
| #define HAVE_STDINT_H 1
| #define HAVE_UNISTD_H 1
| #define HAVE_CURL_CURL_H 1
| #define HAVE_BOOST /**/
| #define HAVE_BOOST_REGEX /**/
| #define HAVE_GMPXX_H 1
| #define _POSIX_C_SOURCE 200809L
| #define _XOPEN_SOURCE 500
| #define HAVE__BOOL 1
| #define HAVE_STDBOOL_H 1
| #define HAVE_FCNTL_H 1
| #define HAVE_NETDB_H 1
| #define HAVE_NETINET_IN_H 1
| #define HAVE_STDLIB_H 1
| #define HAVE_STRING_H 1
| #define HAVE_SYS_IOCTL_H 1
| #define HAVE_SYS_PARAM_H 1
| #define HAVE_SYS_SOCKET_H 1
| #define HAVE_SYS_TIME_H 1
| #define HAVE_SYSLOG_H 1
| #define HAVE_TERMIOS_H 1
| #define HAVE_UNISTD_H 1
| /* end confdefs.h.  */
| #include <stdio.h>
| #ifdef HAVE_SYS_TYPES_H
| # include <sys/types.h>
| #endif
| #ifdef HAVE_SYS_STAT_H
| # include <sys/stat.h>
| #endif
| #ifdef STDC_HEADERS
| # include <stdlib.h>
| # include <stddef.h>
| #else
| # ifdef HAVE_STDLIB_H
| #  include <stdlib.h>
| # endif
| #endif
| #ifdef HAVE_STRING_H
| # if !defined STDC_HEADERS && defined HAVE_MEMORY_H
| #  include <memory.h>
| # endif
| # include <string.h>
| #endif
| #ifdef HAVE_STRINGS_H
| # include <strings.h>
| #endif
| #ifdef HAVE_INTTYPES_H
| # include <inttypes.h>
| #endif
| #ifdef HAVE_STDINT_H
| # include <stdint.h>
| #endif
| #ifdef HAVE_UNISTD_H
| # include <unistd.h>
| #endif
| #include <magic.h>
configure:7275: result: no
configure:7275: checking magic.h presence
configure:7275: gcc -E  conftest.c
conftest.c:40:19: fatal error: magic.h: No such file or directory
compilation terminated.
configure:7275: $? = 1
configure: failed program was:
| /* confdefs.h */
| #define PACKAGE_NAME "DOMjudge"
| #define PACKAGE_TARNAME "domjudge"
| #define PACKAGE_VERSION "3.4.0"
| #define PACKAGE_STRING "DOMjudge 3.4.0"
| #define PACKAGE_BUGREPORT "domjudge-devel@lists.A-Eskwadraat.nl"
| #define PACKAGE_URL ""
| #define DOMJUDGE_VERSION "3.4.0"
| #define STDC_HEADERS 1
| #define HAVE_SYS_TYPES_H 1
| #define HAVE_SYS_STAT_H 1
| #define HAVE_STDLIB_H 1
| #define HAVE_STRING_H 1
| #define HAVE_MEMORY_H 1
| #define HAVE_STRINGS_H 1
| #define HAVE_INTTYPES_H 1
| #define HAVE_STDINT_H 1
| #define HAVE_UNISTD_H 1
| #define HAVE_CURL_CURL_H 1
| #define HAVE_BOOST /**/
| #define HAVE_BOOST_REGEX /**/
| #define HAVE_GMPXX_H 1
| #define _POSIX_C_SOURCE 200809L
| #define _XOPEN_SOURCE 500
| #define HAVE__BOOL 1
| #define HAVE_STDBOOL_H 1
| #define HAVE_FCNTL_H 1
| #define HAVE_NETDB_H 1
| #define HAVE_NETINET_IN_H 1
| #define HAVE_STDLIB_H 1
| #define HAVE_STRING_H 1
| #define HAVE_SYS_IOCTL_H 1
| #define HAVE_SYS_PARAM_H 1
| #define HAVE_SYS_SOCKET_H 1
| #define HAVE_SYS_TIME_H 1
| #define HAVE_SYSLOG_H 1
| #define HAVE_TERMIOS_H 1
| #define HAVE_UNISTD_H 1
| /* end confdefs.h.  */
| #include <magic.h>
configure:7275: result: no
configure:7275: checking for magic.h
configure:7275: result: no
configure:7275: checking libcgroup.h usability
configure:7275: gcc -c -g -O2 -Wall -fstack-protector -fPIE -D_FORTIFY_SOURCE=2  conftest.c >&5
conftest.c:73:23: fatal error: libcgroup.h: No such file or directory
compilation terminated.
configure:7275: $? = 1
configure: failed program was:
| /* confdefs.h */
| #define PACKAGE_NAME "DOMjudge"
| #define PACKAGE_TARNAME "domjudge"
| #define PACKAGE_VERSION "3.4.0"
| #define PACKAGE_STRING "DOMjudge 3.4.0"
| #define PACKAGE_BUGREPORT "domjudge-devel@lists.A-Eskwadraat.nl"
| #define PACKAGE_URL ""
| #define DOMJUDGE_VERSION "3.4.0"
| #define STDC_HEADERS 1
| #define HAVE_SYS_TYPES_H 1
| #define HAVE_SYS_STAT_H 1
| #define HAVE_STDLIB_H 1
| #define HAVE_STRING_H 1
| #define HAVE_MEMORY_H 1
| #define HAVE_STRINGS_H 1
| #define HAVE_INTTYPES_H 1
| #define HAVE_STDINT_H 1
| #define HAVE_UNISTD_H 1
| #define HAVE_CURL_CURL_H 1
| #define HAVE_BOOST /**/
| #define HAVE_BOOST_REGEX /**/
| #define HAVE_GMPXX_H 1
| #define _POSIX_C_SOURCE 200809L
| #define _XOPEN_SOURCE 500
| #define HAVE__BOOL 1
| #define HAVE_STDBOOL_H 1
| #define HAVE_FCNTL_H 1
| #define HAVE_NETDB_H 1
| #define HAVE_NETINET_IN_H 1
| #define HAVE_STDLIB_H 1
| #define HAVE_STRING_H 1
| #define HAVE_SYS_IOCTL_H 1
| #define HAVE_SYS_PARAM_H 1
| #define HAVE_SYS_SOCKET_H 1
| #define HAVE_SYS_TIME_H 1
| #define HAVE_SYSLOG_H 1
| #define HAVE_TERMIOS_H 1
| #define HAVE_UNISTD_H 1
| /* end confdefs.h.  */
| #include <stdio.h>
| #ifdef HAVE_SYS_TYPES_H
| # include <sys/types.h>
| #endif
| #ifdef HAVE_SYS_STAT_H
| # include <sys/stat.h>
| #endif
| #ifdef STDC_HEADERS
| # include <stdlib.h>
| # include <stddef.h>
| #else
| # ifdef HAVE_STDLIB_H
| #  include <stdlib.h>
| # endif
| #endif
| #ifdef HAVE_STRING_H
| # if !defined STDC_HEADERS && defined HAVE_MEMORY_H
| #  include <memory.h>
| # endif
| # include <string.h>
| #endif
| #ifdef HAVE_STRINGS_H
| # include <strings.h>
| #endif
| #ifdef HAVE_INTTYPES_H
| # include <inttypes.h>
| #endif
| #ifdef HAVE_STDINT_H
| # include <stdint.h>
| #endif
| #ifdef HAVE_UNISTD_H
| # include <unistd.h>
| #endif
| #include <libcgroup.h>
configure:7275: result: no
configure:7275: checking libcgroup.h presence
configure:7275: gcc -E  conftest.c
conftest.c:40:23: fatal error: libcgroup.h: No such file or directory
compilation terminated.
configure:7275: $? = 1
configure: failed program was:
| /* confdefs.h */
| #define PACKAGE_NAME "DOMjudge"
| #define PACKAGE_TARNAME "domjudge"
| #define PACKAGE_VERSION "3.4.0"
| #define PACKAGE_STRING "DOMjudge 3.4.0"
| #define PACKAGE_BUGREPORT "domjudge-devel@lists.A-Eskwadraat.nl"
| #define PACKAGE_URL ""
| #define DOMJUDGE_VERSION "3.4.0"
| #define STDC_HEADERS 1
| #define HAVE_SYS_TYPES_H 1
| #define HAVE_SYS_STAT_H 1
| #define HAVE_STDLIB_H 1
| #define HAVE_STRING_H 1
| #define HAVE_MEMORY_H 1
| #define HAVE_STRINGS_H 1
| #define HAVE_INTTYPES_H 1
| #define HAVE_STDINT_H 1
| #define HAVE_UNISTD_H 1
| #define HAVE_CURL_CURL_H 1
| #define HAVE_BOOST /**/
| #define HAVE_BOOST_REGEX /**/
| #define HAVE_GMPXX_H 1
| #define _POSIX_C_SOURCE 200809L
| #define _XOPEN_SOURCE 500
| #define HAVE__BOOL 1
| #define HAVE_STDBOOL_H 1
| #define HAVE_FCNTL_H 1
| #define HAVE_NETDB_H 1
| #define HAVE_NETINET_IN_H 1
| #define HAVE_STDLIB_H 1
| #define HAVE_STRING_H 1
| #define HAVE_SYS_IOCTL_H 1
| #define HAVE_SYS_PARAM_H 1
| #define HAVE_SYS_SOCKET_H 1
| #define HAVE_SYS_TIME_H 1
| #define HAVE_SYSLOG_H 1
| #define HAVE_TERMIOS_H 1
| #define HAVE_UNISTD_H 1
| /* end confdefs.h.  */
| #include <libcgroup.h>
configure:7275: result: no
configure:7275: checking for libcgroup.h
configure:7275: result: no
configure:7287: checking for inline
configure:7303: gcc -c -g -O2 -Wall -fstack-protector -fPIE -D_FORTIFY_SOURCE=2  conftest.c >&5
configure:7303: $? = 0
configure:7311: result: inline
configure:7329: checking for pid_t
configure:7329: gcc -c -g -O2 -Wall -fstack-protector -fPIE -D_FORTIFY_SOURCE=2  conftest.c >&5
configure:7329: $? = 0
configure:7329: gcc -c -g -O2 -Wall -fstack-protector -fPIE -D_FORTIFY_SOURCE=2  conftest.c >&5
conftest.c: In function 'main':
conftest.c:76:20: error: expected expression before ')' token
configure:7329: $? = 1
configure: failed program was:
| /* confdefs.h */
| #define PACKAGE_NAME "DOMjudge"
| #define PACKAGE_TARNAME "domjudge"
| #define PACKAGE_VERSION "3.4.0"
| #define PACKAGE_STRING "DOMjudge 3.4.0"
| #define PACKAGE_BUGREPORT "domjudge-devel@lists.A-Eskwadraat.nl"
| #define PACKAGE_URL ""
| #define DOMJUDGE_VERSION "3.4.0"
| #define STDC_HEADERS 1
| #define HAVE_SYS_TYPES_H 1
| #define HAVE_SYS_STAT_H 1
| #define HAVE_STDLIB_H 1
| #define HAVE_STRING_H 1
| #define HAVE_MEMORY_H 1
| #define HAVE_STRINGS_H 1
| #define HAVE_INTTYPES_H 1
| #define HAVE_STDINT_H 1
| #define HAVE_UNISTD_H 1
| #define HAVE_CURL_CURL_H 1
| #define HAVE_BOOST /**/
| #define HAVE_BOOST_REGEX /**/
| #define HAVE_GMPXX_H 1
| #define _POSIX_C_SOURCE 200809L
| #define _XOPEN_SOURCE 500
| #define HAVE__BOOL 1
| #define HAVE_STDBOOL_H 1
| #define HAVE_FCNTL_H 1
| #define HAVE_NETDB_H 1
| #define HAVE_NETINET_IN_H 1
| #define HAVE_STDLIB_H 1
| #define HAVE_STRING_H 1
| #define HAVE_SYS_IOCTL_H 1
| #define HAVE_SYS_PARAM_H 1
| #define HAVE_SYS_SOCKET_H 1
| #define HAVE_SYS_TIME_H 1
| #define HAVE_SYSLOG_H 1
| #define HAVE_TERMIOS_H 1
| #define HAVE_UNISTD_H 1
| /* end confdefs.h.  */
| #include <stdio.h>
| #ifdef HAVE_SYS_TYPES_H
| # include <sys/types.h>
| #endif
| #ifdef HAVE_SYS_STAT_H
| # include <sys/stat.h>
| #endif
| #ifdef STDC_HEADERS
| # include <stdlib.h>
| # include <stddef.h>
| #else
| # ifdef HAVE_STDLIB_H
| #  include <stdlib.h>
| # endif
| #endif
| #ifdef HAVE_STRING_H
| # if !defined STDC_HEADERS && defined HAVE_MEMORY_H
| #  include <memory.h>
| # endif
| # include <string.h>
| #endif
| #ifdef HAVE_STRINGS_H
| # include <strings.h>
| #endif
| #ifdef HAVE_INTTYPES_H
| # include <inttypes.h>
| #endif
| #ifdef HAVE_STDINT_H
| # include <stdint.h>
| #endif
| #ifdef HAVE_UNISTD_H
| # include <unistd.h>
| #endif
| int
| main ()
| {
| if (sizeof ((pid_t)))
| 	    return 0;
|   ;
|   return 0;
| }
configure:7329: result: yes
configure:7340: checking for size_t
configure:7340: gcc -c -g -O2 -Wall -fstack-protector -fPIE -D_FORTIFY_SOURCE=2  conftest.c >&5
configure:7340: $? = 0
configure:7340: gcc -c -g -O2 -Wall -fstack-protector -fPIE -D_FORTIFY_SOURCE=2  conftest.c >&5
conftest.c: In function 'main':
conftest.c:76:21: error: expected expression before ')' token
configure:7340: $? = 1
configure: failed program was:
| /* confdefs.h */
| #define PACKAGE_NAME "DOMjudge"
| #define PACKAGE_TARNAME "domjudge"
| #define PACKAGE_VERSION "3.4.0"
| #define PACKAGE_STRING "DOMjudge 3.4.0"
| #define PACKAGE_BUGREPORT "domjudge-devel@lists.A-Eskwadraat.nl"
| #define PACKAGE_URL ""
| #define DOMJUDGE_VERSION "3.4.0"
| #define STDC_HEADERS 1
| #define HAVE_SYS_TYPES_H 1
| #define HAVE_SYS_STAT_H 1
| #define HAVE_STDLIB_H 1
| #define HAVE_STRING_H 1
| #define HAVE_MEMORY_H 1
| #define HAVE_STRINGS_H 1
| #define HAVE_INTTYPES_H 1
| #define HAVE_STDINT_H 1
| #define HAVE_UNISTD_H 1
| #define HAVE_CURL_CURL_H 1
| #define HAVE_BOOST /**/
| #define HAVE_BOOST_REGEX /**/
| #define HAVE_GMPXX_H 1
| #define _POSIX_C_SOURCE 200809L
| #define _XOPEN_SOURCE 500
| #define HAVE__BOOL 1
| #define HAVE_STDBOOL_H 1
| #define HAVE_FCNTL_H 1
| #define HAVE_NETDB_H 1
| #define HAVE_NETINET_IN_H 1
| #define HAVE_STDLIB_H 1
| #define HAVE_STRING_H 1
| #define HAVE_SYS_IOCTL_H 1
| #define HAVE_SYS_PARAM_H 1
| #define HAVE_SYS_SOCKET_H 1
| #define HAVE_SYS_TIME_H 1
| #define HAVE_SYSLOG_H 1
| #define HAVE_TERMIOS_H 1
| #define HAVE_UNISTD_H 1
| /* end confdefs.h.  */
| #include <stdio.h>
| #ifdef HAVE_SYS_TYPES_H
| # include <sys/types.h>
| #endif
| #ifdef HAVE_SYS_STAT_H
| # include <sys/stat.h>
| #endif
| #ifdef STDC_HEADERS
| # include <stdlib.h>
| # include <stddef.h>
| #else
| # ifdef HAVE_STDLIB_H
| #  include <stdlib.h>
| # endif
| #endif
| #ifdef HAVE_STRING_H
| # if !defined STDC_HEADERS && defined HAVE_MEMORY_H
| #  include <memory.h>
| # endif
| # include <string.h>
| #endif
| #ifdef HAVE_STRINGS_H
| # include <strings.h>
| #endif
| #ifdef HAVE_INTTYPES_H
| # include <inttypes.h>
| #endif
| #ifdef HAVE_STDINT_H
| # include <stdint.h>
| #endif
| #ifdef HAVE_UNISTD_H
| # include <unistd.h>
| #endif
| int
| main ()
| {
| if (sizeof ((size_t)))
| 	    return 0;
|   ;
|   return 0;
| }
configure:7340: result: yes
configure:7351: checking for ssize_t
configure:7351: gcc -c -g -O2 -Wall -fstack-protector -fPIE -D_FORTIFY_SOURCE=2  conftest.c >&5
configure:7351: $? = 0
configure:7351: gcc -c -g -O2 -Wall -fstack-protector -fPIE -D_FORTIFY_SOURCE=2  conftest.c >&5
conftest.c: In function 'main':
conftest.c:76:22: error: expected expression before ')' token
configure:7351: $? = 1
configure: failed program was:
| /* confdefs.h */
| #define PACKAGE_NAME "DOMjudge"
| #define PACKAGE_TARNAME "domjudge"
| #define PACKAGE_VERSION "3.4.0"
| #define PACKAGE_STRING "DOMjudge 3.4.0"
| #define PACKAGE_BUGREPORT "domjudge-devel@lists.A-Eskwadraat.nl"
| #define PACKAGE_URL ""
| #define DOMJUDGE_VERSION "3.4.0"
| #define STDC_HEADERS 1
| #define HAVE_SYS_TYPES_H 1
| #define HAVE_SYS_STAT_H 1
| #define HAVE_STDLIB_H 1
| #define HAVE_STRING_H 1
| #define HAVE_MEMORY_H 1
| #define HAVE_STRINGS_H 1
| #define HAVE_INTTYPES_H 1
| #define HAVE_STDINT_H 1
| #define HAVE_UNISTD_H 1
| #define HAVE_CURL_CURL_H 1
| #define HAVE_BOOST /**/
| #define HAVE_BOOST_REGEX /**/
| #define HAVE_GMPXX_H 1
| #define _POSIX_C_SOURCE 200809L
| #define _XOPEN_SOURCE 500
| #define HAVE__BOOL 1
| #define HAVE_STDBOOL_H 1
| #define HAVE_FCNTL_H 1
| #define HAVE_NETDB_H 1
| #define HAVE_NETINET_IN_H 1
| #define HAVE_STDLIB_H 1
| #define HAVE_STRING_H 1
| #define HAVE_SYS_IOCTL_H 1
| #define HAVE_SYS_PARAM_H 1
| #define HAVE_SYS_SOCKET_H 1
| #define HAVE_SYS_TIME_H 1
| #define HAVE_SYSLOG_H 1
| #define HAVE_TERMIOS_H 1
| #define HAVE_UNISTD_H 1
| /* end confdefs.h.  */
| #include <stdio.h>
| #ifdef HAVE_SYS_TYPES_H
| # include <sys/types.h>
| #endif
| #ifdef HAVE_SYS_STAT_H
| # include <sys/stat.h>
| #endif
| #ifdef STDC_HEADERS
| # include <stdlib.h>
| # include <stddef.h>
| #else
| # ifdef HAVE_STDLIB_H
| #  include <stdlib.h>
| # endif
| #endif
| #ifdef HAVE_STRING_H
| # if !defined STDC_HEADERS && defined HAVE_MEMORY_H
| #  include <memory.h>
| # endif
| # include <string.h>
| #endif
| #ifdef HAVE_STRINGS_H
| # include <strings.h>
| #endif
| #ifdef HAVE_INTTYPES_H
| # include <inttypes.h>
| #endif
| #ifdef HAVE_STDINT_H
| # include <stdint.h>
| #endif
| #ifdef HAVE_UNISTD_H
| # include <unistd.h>
| #endif
| int
| main ()
| {
| if (sizeof ((ssize_t)))
| 	    return 0;
|   ;
|   return 0;
| }
configure:7351: result: yes
configure:7364: checking for error_at_line
configure:7380: gcc -o conftest -g -O2 -Wall -fstack-protector -fPIE -D_FORTIFY_SOURCE=2   -fPIE -pie -Wl,-z,relro -Wl,-z,now conftest.c  >&5
configure:7380: $? = 0
configure:7388: result: yes
configure:7401: checking vfork.h usability
configure:7401: gcc -c -g -O2 -Wall -fstack-protector -fPIE -D_FORTIFY_SOURCE=2  conftest.c >&5
conftest.c:73:19: fatal error: vfork.h: No such file or directory
compilation terminated.
configure:7401: $? = 1
configure: failed program was:
| /* confdefs.h */
| #define PACKAGE_NAME "DOMjudge"
| #define PACKAGE_TARNAME "domjudge"
| #define PACKAGE_VERSION "3.4.0"
| #define PACKAGE_STRING "DOMjudge 3.4.0"
| #define PACKAGE_BUGREPORT "domjudge-devel@lists.A-Eskwadraat.nl"
| #define PACKAGE_URL ""
| #define DOMJUDGE_VERSION "3.4.0"
| #define STDC_HEADERS 1
| #define HAVE_SYS_TYPES_H 1
| #define HAVE_SYS_STAT_H 1
| #define HAVE_STDLIB_H 1
| #define HAVE_STRING_H 1
| #define HAVE_MEMORY_H 1
| #define HAVE_STRINGS_H 1
| #define HAVE_INTTYPES_H 1
| #define HAVE_STDINT_H 1
| #define HAVE_UNISTD_H 1
| #define HAVE_CURL_CURL_H 1
| #define HAVE_BOOST /**/
| #define HAVE_BOOST_REGEX /**/
| #define HAVE_GMPXX_H 1
| #define _POSIX_C_SOURCE 200809L
| #define _XOPEN_SOURCE 500
| #define HAVE__BOOL 1
| #define HAVE_STDBOOL_H 1
| #define HAVE_FCNTL_H 1
| #define HAVE_NETDB_H 1
| #define HAVE_NETINET_IN_H 1
| #define HAVE_STDLIB_H 1
| #define HAVE_STRING_H 1
| #define HAVE_SYS_IOCTL_H 1
| #define HAVE_SYS_PARAM_H 1
| #define HAVE_SYS_SOCKET_H 1
| #define HAVE_SYS_TIME_H 1
| #define HAVE_SYSLOG_H 1
| #define HAVE_TERMIOS_H 1
| #define HAVE_UNISTD_H 1
| /* end confdefs.h.  */
| #include <stdio.h>
| #ifdef HAVE_SYS_TYPES_H
| # include <sys/types.h>
| #endif
| #ifdef HAVE_SYS_STAT_H
| # include <sys/stat.h>
| #endif
| #ifdef STDC_HEADERS
| # include <stdlib.h>
| # include <stddef.h>
| #else
| # ifdef HAVE_STDLIB_H
| #  include <stdlib.h>
| # endif
| #endif
| #ifdef HAVE_STRING_H
| # if !defined STDC_HEADERS && defined HAVE_MEMORY_H
| #  include <memory.h>
| # endif
| # include <string.h>
| #endif
| #ifdef HAVE_STRINGS_H
| # include <strings.h>
| #endif
| #ifdef HAVE_INTTYPES_H
| # include <inttypes.h>
| #endif
| #ifdef HAVE_STDINT_H
| # include <stdint.h>
| #endif
| #ifdef HAVE_UNISTD_H
| # include <unistd.h>
| #endif
| #include <vfork.h>
configure:7401: result: no
configure:7401: checking vfork.h presence
configure:7401: gcc -E  conftest.c
conftest.c:40:19: fatal error: vfork.h: No such file or directory
compilation terminated.
configure:7401: $? = 1
configure: failed program was:
| /* confdefs.h */
| #define PACKAGE_NAME "DOMjudge"
| #define PACKAGE_TARNAME "domjudge"
| #define PACKAGE_VERSION "3.4.0"
| #define PACKAGE_STRING "DOMjudge 3.4.0"
| #define PACKAGE_BUGREPORT "domjudge-devel@lists.A-Eskwadraat.nl"
| #define PACKAGE_URL ""
| #define DOMJUDGE_VERSION "3.4.0"
| #define STDC_HEADERS 1
| #define HAVE_SYS_TYPES_H 1
| #define HAVE_SYS_STAT_H 1
| #define HAVE_STDLIB_H 1
| #define HAVE_STRING_H 1
| #define HAVE_MEMORY_H 1
| #define HAVE_STRINGS_H 1
| #define HAVE_INTTYPES_H 1
| #define HAVE_STDINT_H 1
| #define HAVE_UNISTD_H 1
| #define HAVE_CURL_CURL_H 1
| #define HAVE_BOOST /**/
| #define HAVE_BOOST_REGEX /**/
| #define HAVE_GMPXX_H 1
| #define _POSIX_C_SOURCE 200809L
| #define _XOPEN_SOURCE 500
| #define HAVE__BOOL 1
| #define HAVE_STDBOOL_H 1
| #define HAVE_FCNTL_H 1
| #define HAVE_NETDB_H 1
| #define HAVE_NETINET_IN_H 1
| #define HAVE_STDLIB_H 1
| #define HAVE_STRING_H 1
| #define HAVE_SYS_IOCTL_H 1
| #define HAVE_SYS_PARAM_H 1
| #define HAVE_SYS_SOCKET_H 1
| #define HAVE_SYS_TIME_H 1
| #define HAVE_SYSLOG_H 1
| #define HAVE_TERMIOS_H 1
| #define HAVE_UNISTD_H 1
| /* end confdefs.h.  */
| #include <vfork.h>
configure:7401: result: no
configure:7401: checking for vfork.h
configure:7401: result: no
configure:7414: checking for fork
configure:7414: gcc -o conftest -g -O2 -Wall -fstack-protector -fPIE -D_FORTIFY_SOURCE=2   -fPIE -pie -Wl,-z,relro -Wl,-z,now conftest.c  >&5
conftest.c:63:6: warning: conflicting types for built-in function 'fork' [enabled by default]
configure:7414: $? = 0
configure:7414: result: yes
configure:7414: checking for vfork
configure:7414: gcc -o conftest -g -O2 -Wall -fstack-protector -fPIE -D_FORTIFY_SOURCE=2   -fPIE -pie -Wl,-z,relro -Wl,-z,now conftest.c  >&5
configure:7414: $? = 0
configure:7414: result: yes
configure:7424: checking for working fork
configure:7446: gcc -o conftest -g -O2 -Wall -fstack-protector -fPIE -D_FORTIFY_SOURCE=2   -fPIE -pie -Wl,-z,relro -Wl,-z,now conftest.c  >&5
configure:7446: $? = 0
configure:7446: ./conftest
configure:7446: $? = 0
configure:7456: result: yes
configure:7477: checking for working vfork
configure:7587: result: yes
configure:7614: checking for stdlib.h
configure:7614: result: yes
configure:7624: checking for GNU libc compatible malloc
configure:7648: gcc -o conftest -g -O2 -Wall -fstack-protector -fPIE -D_FORTIFY_SOURCE=2   -fPIE -pie -Wl,-z,relro -Wl,-z,now conftest.c  >&5
configure:7648: $? = 0
configure:7648: ./conftest
configure:7648: $? = 0
configure:7658: result: yes
configure:7681: checking for stdlib.h
configure:7681: result: yes
configure:7691: checking for GNU libc compatible realloc
configure:7715: gcc -o conftest -g -O2 -Wall -fstack-protector -fPIE -D_FORTIFY_SOURCE=2   -fPIE -pie -Wl,-z,relro -Wl,-z,now conftest.c  >&5
configure:7715: $? = 0
configure:7715: ./conftest
configure:7715: $? = 0
configure:7725: result: yes
configure:7746: checking for working strtod
configure:7787: gcc -o conftest -g -O2 -Wall -fstack-protector -fPIE -D_FORTIFY_SOURCE=2   -fPIE -pie -Wl,-z,relro -Wl,-z,now conftest.c  >&5
conftest.c: In function 'main':
conftest.c:103:12: warning: ignoring return value of 'strtod', declared with attribute warn_unused_result [-Wunused-result]
configure:7787: $? = 0
configure:7787: ./conftest
configure:7787: $? = 0
configure:7797: result: yes
configure:7859: checking for atexit
configure:7859: gcc -o conftest -g -O2 -Wall -fstack-protector -fPIE -D_FORTIFY_SOURCE=2   -fPIE -pie -Wl,-z,relro -Wl,-z,now conftest.c  >&5
configure:7859: $? = 0
configure:7859: result: yes
configure:7872: checking for dup2
configure:7872: gcc -o conftest -g -O2 -Wall -fstack-protector -fPIE -D_FORTIFY_SOURCE=2   -fPIE -pie -Wl,-z,relro -Wl,-z,now conftest.c  >&5
configure:7872: $? = 0
configure:7872: result: yes
configure:7885: checking for getcwd
configure:7885: gcc -o conftest -g -O2 -Wall -fstack-protector -fPIE -D_FORTIFY_SOURCE=2   -fPIE -pie -Wl,-z,relro -Wl,-z,now conftest.c  >&5
configure:7885: $? = 0
configure:7885: result: yes
configure:7898: checking for gettimeofday
configure:7898: gcc -o conftest -g -O2 -Wall -fstack-protector -fPIE -D_FORTIFY_SOURCE=2   -fPIE -pie -Wl,-z,relro -Wl,-z,now conftest.c  >&5
configure:7898: $? = 0
configure:7898: result: yes
configure:7911: checking for memset
configure:7911: gcc -o conftest -g -O2 -Wall -fstack-protector -fPIE -D_FORTIFY_SOURCE=2   -fPIE -pie -Wl,-z,relro -Wl,-z,now conftest.c  >&5
conftest.c:75:6: warning: conflicting types for built-in function 'memset' [enabled by default]
configure:7911: $? = 0
configure:7911: result: yes
configure:7924: checking for mkdir
configure:7924: gcc -o conftest -g -O2 -Wall -fstack-protector -fPIE -D_FORTIFY_SOURCE=2   -fPIE -pie -Wl,-z,relro -Wl,-z,now conftest.c  >&5
configure:7924: $? = 0
configure:7924: result: yes
configure:7937: checking for realpath
configure:7937: gcc -o conftest -g -O2 -Wall -fstack-protector -fPIE -D_FORTIFY_SOURCE=2   -fPIE -pie -Wl,-z,relro -Wl,-z,now conftest.c  >&5
configure:7937: $? = 0
configure:7937: result: yes
configure:7950: checking for setenv
configure:7950: gcc -o conftest -g -O2 -Wall -fstack-protector -fPIE -D_FORTIFY_SOURCE=2   -fPIE -pie -Wl,-z,relro -Wl,-z,now conftest.c  >&5
configure:7950: $? = 0
configure:7950: result: yes
configure:7963: checking for socket
configure:7963: gcc -o conftest -g -O2 -Wall -fstack-protector -fPIE -D_FORTIFY_SOURCE=2   -fPIE -pie -Wl,-z,relro -Wl,-z,now conftest.c  >&5
configure:7963: $? = 0
configure:7963: result: yes
configure:7976: checking for strchr
configure:7976: gcc -o conftest -g -O2 -Wall -fstack-protector -fPIE -D_FORTIFY_SOURCE=2   -fPIE -pie -Wl,-z,relro -Wl,-z,now conftest.c  >&5
conftest.c:80:6: warning: conflicting types for built-in function 'strchr' [enabled by default]
configure:7976: $? = 0
configure:7976: result: yes
configure:7989: checking for strdup
configure:7989: gcc -o conftest -g -O2 -Wall -fstack-protector -fPIE -D_FORTIFY_SOURCE=2   -fPIE -pie -Wl,-z,relro -Wl,-z,now conftest.c  >&5
conftest.c:81:6: warning: conflicting types for built-in function 'strdup' [enabled by default]
configure:7989: $? = 0
configure:7989: result: yes
configure:8002: checking for strerror
configure:8002: gcc -o conftest -g -O2 -Wall -fstack-protector -fPIE -D_FORTIFY_SOURCE=2   -fPIE -pie -Wl,-z,relro -Wl,-z,now conftest.c  >&5
configure:8002: $? = 0
configure:8002: result: yes
configure:8015: checking for strncasecmp
configure:8015: gcc -o conftest -g -O2 -Wall -fstack-protector -fPIE -D_FORTIFY_SOURCE=2   -fPIE -pie -Wl,-z,relro -Wl,-z,now conftest.c  >&5
conftest.c:83:6: warning: conflicting types for built-in function 'strncasecmp' [enabled by default]
configure:8015: $? = 0
configure:8015: result: yes
configure:8028: checking for strrchr
configure:8028: gcc -o conftest -g -O2 -Wall -fstack-protector -fPIE -D_FORTIFY_SOURCE=2   -fPIE -pie -Wl,-z,relro -Wl,-z,now conftest.c  >&5
conftest.c:84:6: warning: conflicting types for built-in function 'strrchr' [enabled by default]
configure:8028: $? = 0
configure:8028: result: yes
configure:8041: checking for strstr
configure:8041: gcc -o conftest -g -O2 -Wall -fstack-protector -fPIE -D_FORTIFY_SOURCE=2   -fPIE -pie -Wl,-z,relro -Wl,-z,now conftest.c  >&5
conftest.c:85:6: warning: conflicting types for built-in function 'strstr' [enabled by default]
configure:8041: $? = 0
configure:8041: result: yes
configure:8054: checking for strtol
configure:8054: gcc -o conftest -g -O2 -Wall -fstack-protector -fPIE -D_FORTIFY_SOURCE=2   -fPIE -pie -Wl,-z,relro -Wl,-z,now conftest.c  >&5
configure:8054: $? = 0
configure:8054: result: yes
configure:8185: creating ./config.status

## ---------------------- ##
## Running config.status. ##
## ---------------------- ##

This file was extended by DOMjudge config.status 3.4.0, which was
generated by GNU Autoconf 2.69.  Invocation command line was

  CONFIG_FILES    = 
  CONFIG_HEADERS  = 
  CONFIG_LINKS    = 
  CONFIG_COMMANDS = 
  $ ./config.status 

on invitado-VirtualBox

config.status:908: creating paths.mk
config.status:908: creating etc/config.h

## ---------------- ##
## Cache variables. ##
## ---------------- ##

ac_cv_c_compiler_gnu=yes
ac_cv_c_inline=inline
ac_cv_cxx_compiler_gnu=yes
ac_cv_env_CCC_set=
ac_cv_env_CCC_value=
ac_cv_env_CC_set=
ac_cv_env_CC_value=
ac_cv_env_CFLAGS_set=
ac_cv_env_CFLAGS_value=
ac_cv_env_CPPFLAGS_set=
ac_cv_env_CPPFLAGS_value=
ac_cv_env_CPP_set=
ac_cv_env_CPP_value=
ac_cv_env_CURL_CFLAGS_set=
ac_cv_env_CURL_CFLAGS_value=
ac_cv_env_CURL_CONFIG_set=
ac_cv_env_CURL_CONFIG_value=
ac_cv_env_CURL_LIBS_set=
ac_cv_env_CURL_LIBS_value=
ac_cv_env_CXXCPP_set=
ac_cv_env_CXXCPP_value=
ac_cv_env_CXXFLAGS_set=
ac_cv_env_CXXFLAGS_value=
ac_cv_env_CXX_set=
ac_cv_env_CXX_value=
ac_cv_env_LDFLAGS_set=
ac_cv_env_LDFLAGS_value=
ac_cv_env_LIBS_set=
ac_cv_env_LIBS_value=
ac_cv_env_build_alias_set=
ac_cv_env_build_alias_value=
ac_cv_env_host_alias_set=
ac_cv_env_host_alias_value=
ac_cv_env_target_alias_set=
ac_cv_env_target_alias_value=
ac_cv_func_atexit=yes
ac_cv_func_dup2=yes
ac_cv_func_fork=yes
ac_cv_func_fork_works=yes
ac_cv_func_getcwd=yes
ac_cv_func_gettimeofday=yes
ac_cv_func_malloc_0_nonnull=yes
ac_cv_func_memset=yes
ac_cv_func_mkdir=yes
ac_cv_func_realloc_0_nonnull=yes
ac_cv_func_realpath=yes
ac_cv_func_setenv=yes
ac_cv_func_socket=yes
ac_cv_func_strchr=yes
ac_cv_func_strdup=yes
ac_cv_func_strerror=yes
ac_cv_func_strncasecmp=yes
ac_cv_func_strrchr=yes
ac_cv_func_strstr=yes
ac_cv_func_strtod=yes
ac_cv_func_strtol=yes
ac_cv_func_vfork=yes
ac_cv_func_vfork_works=yes
ac_cv_header_curl_curl_h=yes
ac_cv_header_fcntl_h=yes
ac_cv_header_gmpxx_h=yes
ac_cv_header_inttypes_h=yes
ac_cv_header_libcgroup_h=no
ac_cv_header_magic_h=no
ac_cv_header_memory_h=yes
ac_cv_header_netdb_h=yes
ac_cv_header_netinet_in_h=yes
ac_cv_header_stdbool_h=yes
ac_cv_header_stdc=yes
ac_cv_header_stdint_h=yes
ac_cv_header_stdlib_h=yes
ac_cv_header_string_h=yes
ac_cv_header_strings_h=yes
ac_cv_header_sys_ioctl_h=yes
ac_cv_header_sys_param_h=yes
ac_cv_header_sys_socket_h=yes
ac_cv_header_sys_stat_h=yes
ac_cv_header_sys_time_h=yes
ac_cv_header_sys_types_h=yes
ac_cv_header_syslog_h=yes
ac_cv_header_termios_h=yes
ac_cv_header_unistd_h=yes
ac_cv_header_vfork_h=no
ac_cv_lib_boost_regex_mt___exit=yes
ac_cv_lib_cgroup_cgroup_init=no
ac_cv_lib_error_at_line=yes
ac_cv_lib_gmpxx_abs=yes
ac_cv_lib_magic_magic_open=no
ac_cv_objext=o
ac_cv_path_CURL_CONFIG=/usr/bin/curl-config
ac_cv_path_EGREP='/bin/grep -E'
ac_cv_path_GREP=/bin/grep
ac_cv_path_SED=/bin/sed
ac_cv_path_install='/usr/bin/install -c'
ac_cv_path_mkdir=/bin/mkdir
ac_cv_prog_AWK=mawk
ac_cv_prog_CPP='gcc -E'
ac_cv_prog_CXXCPP='g++ -E'
ac_cv_prog_HTPASSWD=htpasswd
ac_cv_prog_ac_ct_CC=gcc
ac_cv_prog_ac_ct_CXX=g++
ac_cv_prog_cc_c89=
ac_cv_prog_cc_g=yes
ac_cv_prog_cxx_g=yes
ac_cv_prog_make_make_set=yes
ac_cv_type__Bool=yes
ac_cv_type_pid_t=yes
ac_cv_type_size_t=yes
ac_cv_type_ssize_t=yes
ax_cv_boost_regex=yes
ax_cv_check_cflags__=yes
ax_cv_check_cflags___D_FORTIFY_SOURCE_2=yes
ax_cv_check_cflags___Wall=yes
ax_cv_check_cflags___fPIE=yes
ax_cv_check_cflags___fstack_protector=yes
ax_cv_check_ldflags__=yes
ax_cv_check_ldflags___Wl__z_now=yes
ax_cv_check_ldflags___Wl__z_relro=yes
ax_cv_check_ldflags___fPIE=yes
ax_cv_check_ldflags___pie=yes

## ----------------- ##
## Output variables. ##
## ----------------- ##

#='2'
#='2'
AWK='mawk'
BOOST_CPPFLAGS='-I/usr/include'
BOOST_LDFLAGS='-L/usr/lib'
BOOST_REGEX_LIB='-lboost_regex-mt'
CC='gcc'
CFLAGS='-g -O2 -Wall -fstack-protector -fPIE -D_FORTIFY_SOURCE=2'
CHECKTESTDATA_ENABLED='yes'
CPP='gcc -E'
CPPFLAGS=''
CURL_CFLAGS=''
CURL_CONFIG='/usr/bin/curl-config'
CURL_LIBS='-L/usr/lib/i386-linux-gnu -lcurl -Wl,-Bsymbolic-functions -Wl,-z,relro'
CURL_STATIC='/usr/lib/i386-linux-gnu/libcurl.a -Wl,-Bsymbolic-functions -Wl,-z,relro -lidn -lssl -lcrypto -llber -lldap -lrt -lgssapi_krb5 -lssl -lcrypto -lz -lrtmp -lz -lgnutls'
CXX='g++'
CXXCPP='g++ -E'
CXXFLAGS='-g -O2 -Wall -fstack-protector -fPIE -D_FORTIFY_SOURCE=2'
DEFS='-DHAVE_CONFIG_H'
DOMJUDGE_USER='invitado'
DOMJUDGE_VERSION='3.4.0'
ECHO_C=''
ECHO_N='-n'
ECHO_T=''
EGREP='/bin/grep -E'
EXEEXT=''
FHS_ENABLED='no'
GREP='/bin/grep'
HTPASSWD='htpasswd'
INSTALL_DATA='${INSTALL} -m 644'
INSTALL_PROGRAM='${INSTALL}'
INSTALL_SCRIPT='${INSTALL}'
LDFLAGS=' -fPIE -pie -Wl,-z,relro -Wl,-z,now'
LIBCGROUP=''
LIBGMPXX='-lgmp -lgmpxx'
LIBMAGIC=''
LIBOBJS=''
LIBS=''
LN_S='cp -pR'
LTLIBOBJS=''
MKDIR_P='/bin/mkdir -p'
OBJEXT='o'
PACKAGE_BUGREPORT='domjudge-devel@lists.A-Eskwadraat.nl'
PACKAGE_NAME='DOMjudge'
PACKAGE_STRING='DOMjudge 3.4.0'
PACKAGE_TARNAME='domjudge'
PACKAGE_URL=''
PACKAGE_VERSION='3.4.0'
PATH_SEPARATOR=':'
POW_LIB=''
RUNUSER='domjudge-run'
SED='/bin/sed'
SET_MAKE=''
SHELL='/bin/bash'
SUBMIT_DEFAULT='2'
SUBMIT_ENABLE_CMD='0'
SUBMIT_ENABLE_WEB='1'
USE_CGROUPS='0'
WEBSERVER_GROUP='www-data'
ac_ct_CC='gcc'
ac_ct_CXX='g++'
bindir='${exec_prefix}/bin'
build_alias=''
datadir='${datarootdir}'
datarootdir='${prefix}/share'
docdir='${datarootdir}/doc/${PACKAGE_TARNAME}'
domjudge_docdir='/home/invitado/public_html/domjudge/doc'
domserver_bindir='/home/invitado/public_html/domjudge/domserver/bin'
domserver_etcdir='/home/invitado/public_html/domjudge/domserver/etc'
domserver_libdir='/home/invitado/public_html/domjudge/domserver/lib'
domserver_libextdir='/home/invitado/public_html/domjudge/domserver/lib/ext'
domserver_libsubmitdir='/home/invitado/public_html/domjudge/domserver/lib/submit'
domserver_libwwwdir='/home/invitado/public_html/domjudge/domserver/lib/www'
domserver_logdir='/home/invitado/public_html/domjudge/domserver/log'
domserver_root='/home/invitado/public_html/domjudge/domserver'
domserver_rundir='/home/invitado/public_html/domjudge/domserver/run'
domserver_sqldir='/home/invitado/public_html/domjudge/domserver/sql'
domserver_submitdir='/home/invitado/public_html/domjudge/domserver/submissions'
domserver_tmpdir='/home/invitado/public_html/domjudge/domserver/tmp'
domserver_wwwdir='/home/invitado/public_html/domjudge/domserver/www'
dvidir='${docdir}'
exec_prefix='${prefix}'
host_alias=''
htmldir='${docdir}'
includedir='${prefix}/include'
infodir='${datarootdir}/info'
judgehost_bindir='/home/invitado/public_html/domjudge/judgehost/bin'
judgehost_etcdir='/home/invitado/public_html/domjudge/judgehost/etc'
judgehost_judgedir='/home/invitado/public_html/domjudge/judgehost/judgings'
judgehost_libdir='/home/invitado/public_html/domjudge/judgehost/lib'
judgehost_libdocumentationdir='/home/invitado/public_html/domjudge/judgehost/lib/documentation'
judgehost_libdocumentationsrcdir='/home/invitado/public_html/domjudge/judgehost/lib/documentation/src'
judgehost_libindentationdir='/home/invitado/public_html/domjudge/judgehost/lib/indentation'
judgehost_libjudgedir='/home/invitado/public_html/domjudge/judgehost/lib/judge'
judgehost_logdir='/home/invitado/public_html/domjudge/judgehost/log'
judgehost_root='/home/invitado/public_html/domjudge/judgehost'
judgehost_rundir='/home/invitado/public_html/domjudge/judgehost/run'
judgehost_tmpdir='/home/invitado/public_html/domjudge/judgehost/tmp'
libdir='${exec_prefix}/lib'
libexecdir='${exec_prefix}/libexec'
localedir='${datarootdir}/locale'
localstatedir='${prefix}/var'
mandir='${datarootdir}/man'
oldincludedir='/usr/include'
onlinejudge=''
onlinejudge=''
pdfdir='${docdir}'
prefix='/home/invitado/public_html/domjudge'
program_transform_name='s,x,x,'
psdir='${docdir}'
sbindir='${exec_prefix}/sbin'
sharedstatedir='${prefix}/com'
sysconfdir='${prefix}/etc'
target_alias=''
uv=''
uv=''

## ----------- ##
## confdefs.h. ##
## ----------- ##

/* confdefs.h */
#define PACKAGE_NAME "DOMjudge"
#define PACKAGE_TARNAME "domjudge"
#define PACKAGE_VERSION "3.4.0"
#define PACKAGE_STRING "DOMjudge 3.4.0"
#define PACKAGE_BUGREPORT "domjudge-devel@lists.A-Eskwadraat.nl"
#define PACKAGE_URL ""
#define DOMJUDGE_VERSION "3.4.0"
#define STDC_HEADERS 1
#define HAVE_SYS_TYPES_H 1
#define HAVE_SYS_STAT_H 1
#define HAVE_STDLIB_H 1
#define HAVE_STRING_H 1
#define HAVE_MEMORY_H 1
#define HAVE_STRINGS_H 1
#define HAVE_INTTYPES_H 1
#define HAVE_STDINT_H 1
#define HAVE_UNISTD_H 1
#define HAVE_CURL_CURL_H 1
#define HAVE_BOOST /**/
#define HAVE_BOOST_REGEX /**/
#define HAVE_GMPXX_H 1
#define _POSIX_C_SOURCE 200809L
#define _XOPEN_SOURCE 500
#define HAVE__BOOL 1
#define HAVE_STDBOOL_H 1
#define HAVE_FCNTL_H 1
#define HAVE_NETDB_H 1
#define HAVE_NETINET_IN_H 1
#define HAVE_STDLIB_H 1
#define HAVE_STRING_H 1
#define HAVE_SYS_IOCTL_H 1
#define HAVE_SYS_PARAM_H 1
#define HAVE_SYS_SOCKET_H 1
#define HAVE_SYS_TIME_H 1
#define HAVE_SYSLOG_H 1
#define HAVE_TERMIOS_H 1
#define HAVE_UNISTD_H 1
#define HAVE_FORK 1
#define HAVE_VFORK 1
#define HAVE_WORKING_VFORK 1
#define HAVE_WORKING_FORK 1
#define HAVE_STDLIB_H 1
#define HAVE_MALLOC 1
#define HAVE_STDLIB_H 1
#define HAVE_REALLOC 1
#define HAVE_ATEXIT 1
#define HAVE_DUP2 1
#define HAVE_GETCWD 1
#define HAVE_GETTIMEOFDAY 1
#define HAVE_MEMSET 1
#define HAVE_MKDIR 1
#define HAVE_REALPATH 1
#define HAVE_SETENV 1
#define HAVE_SOCKET 1
#define HAVE_STRCHR 1
#define HAVE_STRDUP 1
#define HAVE_STRERROR 1
#define HAVE_STRNCASECMP 1
#define HAVE_STRRCHR 1
#define HAVE_STRSTR 1
#define HAVE_STRTOL 1

configure: exit 0
